<?xml version="1.0" encoding="UTF-8"?>
<!-- Generated by org.testng.reporters.JUnitReportReporter -->
<testsuite hostname="DESKTOP-ENRVP6H" failures="1" tests="9" name="com.runners.CucumberRunner" time="257.722" errors="1" timestamp="2024-11-14T11:52:25 IST" skipped="0">
  <testcase classname="com.runners.CucumberRunner" name="runScenario" time="21.110">
    <system-out>
      <![CDATA[Browser is launched
Navigated to the specified URL
Clicked on hotel
User is navigated to hotels page
Clicked on Search button
Clicked on user rating
Clicked on highest ratings hotel
Clicked on BOOK THIS NOW button
User is navigated to Review your Booking and element is verified
Browser is closed]]>
    </system-out>
  </testcase> <!-- runScenario -->
  <testcase classname="com.runners.CucumberRunner" name="runScenario" time="29.030">
    <error message="element click intercepted: Element &lt;div class=&quot;sortBy__dropdownCont&quot;&gt;...&lt;/div&gt; is not clickable at point (1161, 22). Other element would receive the click: &lt;div class=&quot;hsw_inner&quot; id=&quot;hsw_inner_components&quot;&gt;...&lt;/div&gt;
  (Session info: chrome=131.0.6778.69)
Build info: version: &#039;4.16.1&#039;, revision: &#039;9b4c83354e&#039;
System info: os.name: &#039;Windows 11&#039;, os.arch: &#039;amd64&#039;, os.version: &#039;10.0&#039;, java.version: &#039;23&#039;
Driver info: org.openqa.selenium.chrome.ChromeDriver
Command: [7e11c2cb20af51004b3d53db781796b5, clickElement {id=f.C6C6D1A42E5621ED14CA012566F9C96E.d.5B39F54D7FFF6FA335FBCE133B1BBEED.e.367}]
Capabilities {acceptInsecureCerts: false, browserName: chrome, browserVersion: 131.0.6778.69, chrome: {chromedriverVersion: 131.0.6778.69 (77e2244bbcda..., userDataDir: C:\Users\swati\AppData\Loca...}, fedcm:accounts: true, goog:chromeOptions: {debuggerAddress: localhost:52488}, networkConnectionEnabled: false, pageLoadStrategy: normal, platformName: windows, proxy: Proxy(), se:cdp: ws://localhost:52488/devtoo..., se:cdpVersion: 131.0.6778.69, setWindowRect: true, strictFileInteractability: false, timeouts: {implicit: 0, pageLoad: 300000, script: 30000}, unhandledPromptBehavior: dismiss and notify, webauthn:extension:credBlob: true, webauthn:extension:largeBlob: true, webauthn:extension:minPinLength: true, webauthn:extension:prf: true, webauthn:virtualAuthenticators: true}
Element: [[ChromeDriver: chrome on windows (7e11c2cb20af51004b3d53db781796b5)] -&gt; xpath: //div[@class=&#039;sortBy__dropdownCont&#039;]]
Session ID: 7e11c2cb20af51004b3d53db781796b5" type="org.openqa.selenium.ElementClickInterceptedException">
      <![CDATA[org.openqa.selenium.ElementClickInterceptedException: element click intercepted: Element <div class="sortBy__dropdownCont">...</div> is not clickable at point (1161, 22). Other element would receive the click: <div class="hsw_inner" id="hsw_inner_components">...</div>
  (Session info: chrome=131.0.6778.69)
Build info: version: '4.16.1', revision: '9b4c83354e'
System info: os.name: 'Windows 11', os.arch: 'amd64', os.version: '10.0', java.version: '23'
Driver info: org.openqa.selenium.chrome.ChromeDriver
Command: [7e11c2cb20af51004b3d53db781796b5, clickElement {id=f.C6C6D1A42E5621ED14CA012566F9C96E.d.5B39F54D7FFF6FA335FBCE133B1BBEED.e.367}]
Capabilities {acceptInsecureCerts: false, browserName: chrome, browserVersion: 131.0.6778.69, chrome: {chromedriverVersion: 131.0.6778.69 (77e2244bbcda..., userDataDir: C:\Users\swati\AppData\Loca...}, fedcm:accounts: true, goog:chromeOptions: {debuggerAddress: localhost:52488}, networkConnectionEnabled: false, pageLoadStrategy: normal, platformName: windows, proxy: Proxy(), se:cdp: ws://localhost:52488/devtoo..., se:cdpVersion: 131.0.6778.69, setWindowRect: true, strictFileInteractability: false, timeouts: {implicit: 0, pageLoad: 300000, script: 30000}, unhandledPromptBehavior: dismiss and notify, webauthn:extension:credBlob: true, webauthn:extension:largeBlob: true, webauthn:extension:minPinLength: true, webauthn:extension:prf: true, webauthn:virtualAuthenticators: true}
Element: [[ChromeDriver: chrome on windows (7e11c2cb20af51004b3d53db781796b5)] -> xpath: //div[@class='sortBy__dropdownCont']]
Session ID: 7e11c2cb20af51004b3d53db781796b5
at java.base/jdk.internal.reflect.DirectConstructorHandleAccessor.newInstance(DirectConstructorHandleAccessor.java:62)
at java.base/java.lang.reflect.Constructor.newInstanceWithCaller(Constructor.java:501)
at java.base/java.lang.reflect.Constructor.newInstance(Constructor.java:485)
at org.openqa.selenium.remote.codec.w3c.W3CHttpResponseCodec.createException(W3CHttpResponseCodec.java:200)
at org.openqa.selenium.remote.codec.w3c.W3CHttpResponseCodec.decode(W3CHttpResponseCodec.java:133)
at org.openqa.selenium.remote.codec.w3c.W3CHttpResponseCodec.decode(W3CHttpResponseCodec.java:52)
at org.openqa.selenium.remote.HttpCommandExecutor.execute(HttpCommandExecutor.java:191)
at org.openqa.selenium.remote.service.DriverCommandExecutor.invokeExecute(DriverCommandExecutor.java:200)
at org.openqa.selenium.remote.service.DriverCommandExecutor.execute(DriverCommandExecutor.java:175)
at org.openqa.selenium.remote.RemoteWebDriver.execute(RemoteWebDriver.java:523)
at org.openqa.selenium.remote.RemoteWebElement.execute(RemoteWebElement.java:224)
at org.openqa.selenium.remote.RemoteWebElement.click(RemoteWebElement.java:77)
at java.base/jdk.internal.reflect.DirectMethodHandleAccessor.invoke(DirectMethodHandleAccessor.java:103)
at java.base/java.lang.reflect.Method.invoke(Method.java:580)
at org.openqa.selenium.support.pagefactory.internal.LocatingElementHandler.invoke(LocatingElementHandler.java:51)
at jdk.proxy2/jdk.proxy2.$Proxy25.click(Unknown Source)
at com.stepDefinition.HotelReviews.click_on_sort_by_in_user_rating_reviews_and_select_positive_first_from_dropdown(HotelReviews.java:86)
at ✽.Click on sort by in User Rating & Reviews and select Positive first from dropdown(file:///C:/Users/swati/git/repository45/MakeMyTrip/./src/test/resources/featureFiles/HotelReviews.feature:13)
]]>
    </error>
    <system-out>
      <![CDATA[Browser is launched
Navigated to the specified URL
Clicked on hotel
User is navigated to hotels page
Clicked on Search button
Entered locality: patru in the search bar
Selected the option from the dropdown and clicked to search the hotel
Clicked on Ratings of the hotel
Navigated to details of hotel page and clicked on user reviews from navbar]]>
    </system-out>
  </testcase> <!-- runScenario -->
  <testcase classname="com.runners.CucumberRunner" name="runScenario" time="34.829">
    <system-out>
      <![CDATA[Browser is launched
Navigated to the specified URL
Clicked on hotel
User is navigated to hotels page
Clicked on Search button
Entered locality: Goa in the search bar
Selected the option from the dropdown and clicked to search the hotel
Clicked on Ratings of the hotel
Navigated to details of hotel page and clicked on user reviews from navbar
Clicked on sort by in User Rating & Reviews and selected Positive first from dropdown
Scrolled down to read the reviews and clicked on Helpful icon]]>
    </system-out>
  </testcase> <!-- runScenario -->
  <testcase classname="com.runners.CucumberRunner" name="runScenario" time="32.478">
    <system-out>
      <![CDATA[Browser is launched
Navigated to the specified URL
Clicked on hotel
User is navigated to hotels page
City entered and selected: Ban
Check-in date selected: November 20.0
Check-out date selected: November 23.0
Clicked on Apply button
Clicked on Search button
User is navigated to Bangkok Property hotel list 
Clicked on explore on map
Clicked on View main areas
Clicked on the area option
Navigated to hotel list page
Clicked on the filtered hotel to view details
Clicked on BOOK THIS NOW button
User is navigated to Review your Booking and element is verified]]>
    </system-out>
  </testcase> <!-- runScenario -->
  <testcase classname="com.runners.CucumberRunner" name="runScenario" time="38.245">
    <system-out>
      <![CDATA[Browser is launched
Navigated to the specified URL
Clicked on hotel
User is navigated to hotels page
User is able to scroll down to the list of places
User is able to click on the specific location for hotels
Verified after navigating to the page
City entered in popup: Mumbai
User is able to Enter city and selected checkin, checkout, room, and guests textfield
 User Clicked on Star filter
User Clicked on Breakfast filter
User Clicked on Swimming Pool filter
User Clicked on Price filter
All filters are applied successfully]]>
    </system-out>
  </testcase> <!-- runScenario -->
  <testcase classname="com.runners.CucumberRunner" name="runScenario" time="39.558">
    <system-out>
      <![CDATA[Browser is launched
Navigated to the specified URL
Clicked on hotel
User is navigated to hotels page
Clicked on Currency button
Selected Arab Emirates Dirham currency
Currency is changed to AED
City entered and selected: Ban
Check-in date selected: November 20.0
Check-out date selected: November 23.0
Clicked on Apply button
Clicked on Search button
User is navigated to Bangkok Property hotel list 
Clicked on sort by price from navbar
Entered area: patru in the search bar
Verified hotel list is displayed in the same locality]]>
    </system-out>
  </testcase> <!-- runScenario -->
  <testcase classname="com.runners.CucumberRunner" name="runScenario" time="23.844">
    <failure message="Price checkbox should be displayed expected [true] but found [false]" type="java.lang.AssertionError">
      <![CDATA[java.lang.AssertionError: Price checkbox should be displayed expected [true] but found [false]
at org.testng.Assert.fail(Assert.java:111)
at org.testng.Assert.failNotEquals(Assert.java:1578)
at org.testng.Assert.assertTrue(Assert.java:57)
at com.stepDefinition.HotelSelection.select_price_checkbox_and_navigate_to_hotel_list(HotelSelection.java:79)
at ✽.Select price checkbox and navigate to hotel list(file:///C:/Users/swati/git/repository45/MakeMyTrip/./src/test/resources/featureFiles/HotelSelection.feature:17)
]]>
    </failure>
    <system-out>
      <![CDATA[Browser is launched
Navigated to the specified URL
Clicked on hotel
User is navigated to hotels page
City entered and selected: Ban
Check-in date selected: November 20.0
Check-out date selected: November 23.0
Clicked on Apply button
Clicked on Search button
User is navigated to Bangkok Property hotel list 
Scrolled down to Price per night in filter option]]>
    </system-out>
  </testcase> <!-- runScenario -->
  <testcase classname="com.runners.CucumberRunner" name="runScenario" time="15.539">
    <system-out>
      <![CDATA[Browser is launched
Navigated to the specified URL
Clicked on hotel
User is navigated to hotels page
User is able to scroll down to the list of places
User is able to click on the specific location for hotels
Verified after navigating to the page
User is able to see Budget option after scrolling
Min value entered in popup: 2500
Max value entered in popup: 5000
Clicked on arrow button
All filters are applied successfully]]>
    </system-out>
  </testcase> <!-- runScenario -->
  <testcase classname="com.runners.CucumberRunner" name="runScenario" time="23.089">
    <system-out>
      <![CDATA[Browser is launched
Navigated to the specified URL
Clicked on hotel
User is navigated to hotels page
City entered and selected: Ban
Check-in date selected: November 20.0
Check-out date selected: November 23.0
Clicked on Apply button
Clicked on Search button
User is navigated to Bangkok Property hotel list 
Clicked on explore on map
Clicked on View main areas]]>
    </system-out>
  </testcase> <!-- runScenario -->
  <system-out>
    <![CDATA[Browser is launched
Navigated to the specified URL
Clicked on hotel
User is navigated to hotels page
Clicked on Currency button
Selected Arab Emirates Dirham currency
Currency is changed to AED
City entered and selected: Ban
Check-in date selected: November 20.0
Check-out date selected: November 23.0
Clicked on Apply button
Clicked on Search button
User is navigated to Bangkok Property hotel list 
Clicked on sort by price from navbar
Entered area: patru in the search bar
Verified hotel list is displayed in the same locality
Browser is launched
Navigated to the specified URL
Clicked on hotel
User is navigated to hotels page
Clicked on Search button
Entered locality: Goa in the search bar
Selected the option from the dropdown and clicked to search the hotel
Clicked on Ratings of the hotel
Navigated to details of hotel page and clicked on user reviews from navbar
Clicked on sort by in User Rating & Reviews and selected Positive first from dropdown
Scrolled down to read the reviews and clicked on Helpful icon
Browser is launched
Navigated to the specified URL
Clicked on hotel
User is navigated to hotels page
Clicked on Search button
Entered locality: patru in the search bar
Selected the option from the dropdown and clicked to search the hotel
Clicked on Ratings of the hotel
Navigated to details of hotel page and clicked on user reviews from navbar
Browser is launched
Navigated to the specified URL
Clicked on hotel
User is navigated to hotels page
City entered and selected: Ban
Check-in date selected: November 20.0
Check-out date selected: November 23.0
Clicked on Apply button
Clicked on Search button
User is navigated to Bangkok Property hotel list 
Scrolled down to Price per night in filter option
Browser is launched
Navigated to the specified URL
Clicked on hotel
User is navigated to hotels page
City entered and selected: Ban
Check-in date selected: November 20.0
Check-out date selected: November 23.0
Clicked on Apply button
Clicked on Search button
User is navigated to Bangkok Property hotel list 
Clicked on explore on map
Clicked on View main areas
Browser is launched
Navigated to the specified URL
Clicked on hotel
User is navigated to hotels page
User is able to scroll down to the list of places
User is able to click on the specific location for hotels
Verified after navigating to the page
City entered in popup: Mumbai
User is able to Enter city and selected checkin, checkout, room, and guests textfield
 User Clicked on Star filter
User Clicked on Breakfast filter
User Clicked on Swimming Pool filter
User Clicked on Price filter
All filters are applied successfully
Browser is launched
Navigated to the specified URL
Clicked on hotel
User is navigated to hotels page
User is able to scroll down to the list of places
User is able to click on the specific location for hotels
Verified after navigating to the page
User is able to see Budget option after scrolling
Min value entered in popup: 2500
Max value entered in popup: 5000
Clicked on arrow button
All filters are applied successfully
Browser is launched
Navigated to the specified URL
Clicked on hotel
User is navigated to hotels page
City entered and selected: Ban
Check-in date selected: November 20.0
Check-out date selected: November 23.0
Clicked on Apply button
Clicked on Search button
User is navigated to Bangkok Property hotel list 
Clicked on explore on map
Clicked on View main areas
Clicked on the area option
Navigated to hotel list page
Clicked on the filtered hotel to view details
Clicked on BOOK THIS NOW button
User is navigated to Review your Booking and element is verified
Browser is launched
Navigated to the specified URL
Clicked on hotel
User is navigated to hotels page
Clicked on Search button
Clicked on user rating
Clicked on highest ratings hotel
Clicked on BOOK THIS NOW button
User is navigated to Review your Booking and element is verified
Browser is closed]]>
  </system-out>
</testsuite> <!-- com.runners.CucumberRunner -->
